[INFO] Starting build process...
[INFO] Checking environment variables...
[WARNING] Low disk space detected.
[INFO] Downloading dependencies...
[ERROR] Failed to resolve dependency 'requests'
[INFO] Retrying dependency download...
[INFO] Dependency 'requests' resolved.
[INFO] Compiling source code...
[ERROR] Compilation failed due to syntax error.
[INFO] Running unit tests...
[INFO] All tests passed.
[INFO] Build completed successfully.
[INFO] Archiving artifacts...
[ERROR] Failed to archive test results.
[CRITICAL] Pipeline aborted unexpectedly.
[INFO] Cleanup started...
[INFO] Cleanup completed.